Watching for file changes with StatReloader
[09/Jul/2026 23:45:21] "GET /api/menu/categories/ HTTP/1.1" 200 988
[09/Jul/2026 23:45:23] "GET /api/menu/dishes/ HTTP/1.1" 200 4809
[09/Jul/2026 23:45:26] "GET /api/news/ HTTP/1.1" 200 3733
[09/Jul/2026 23:45:28] "GET /api/about/ HTTP/1.1" 200 1322
Unauthorized: /api/contact/
[09/Jul/2026 23:45:30] "GET /api/contact/ HTTP/1.1" 401 82
[09/Jul/2026 23:45:32] "GET /pages/ HTTP/1.1" 200 14623
[09/Jul/2026 23:45:34] "GET /pages/menu/ HTTP/1.1" 200 17598
[09/Jul/2026 23:45:36] "GET /pages/news/ HTTP/1.1" 200 9376
[09/Jul/2026 23:45:38] "GET /pages/about/ HTTP/1.1" 200 5941
[09/Jul/2026 23:45:40] "GET /pages/contact/ HTTP/1.1" 200 7166
[09/Jul/2026 23:45:42] "GET /login/ HTTP/1.1" 200 4535
[09/Jul/2026 23:45:44] "GET /register/ HTTP/1.1" 200 4826
Method Not Allowed: /api/auth/login/
[09/Jul/2026 23:45:54] "GET /api/auth/login/ HTTP/1.1" 405 54
Method Not Allowed: /api/auth/register/
[09/Jul/2026 23:45:57] "GET /api/auth/register/ HTTP/1.1" 405 54
[09/Jul/2026 23:45:59] "GET /api/docs/ HTTP/1.1" 200 4651
[09/Jul/2026 23:46:01] "GET /api/redoc/ HTTP/1.1" 200 734
[09/Jul/2026 23:46:05] "GET /api/schema/ HTTP/1.1" 200 27378
Not Found: /pages/nonexistent/
[09/Jul/2026 23:46:07] "GET /pages/nonexistent/ HTTP/1.1" 404 5581
Method Not Allowed: /api/auth/login/
[09/Jul/2026 23:46:15] "GET /api/auth/login/ HTTP/1.1" 405 54
Method Not Allowed: /api/auth/register/
[09/Jul/2026 23:46:17] "GET /api/auth/register/ HTTP/1.1" 405 54
[09/Jul/2026 23:46:19] "GET /api/docs/ HTTP/1.1" 200 4651
[09/Jul/2026 23:46:21] "GET /api/schema/ HTTP/1.1" 200 27378
Not Found: /pages/nonexistent/
[09/Jul/2026 23:46:23] "GET /pages/nonexistent/ HTTP/1.1" 404 5581
Not Found: /api/menu/categories/999/
[09/Jul/2026 23:46:26] "GET /api/menu/categories/999/ HTTP/1.1" 404 49
[09/Jul/2026 23:46:45] "POST /api/auth/register/ HTTP/1.1" 201 68
C:\Users\~\AppData\Local\Programs\Python\Python314\Lib\site-packages\jwt\api_jwt.py:147: InsecureKeyLengthWarning: The HMAC key is 26 bytes long, which is below the minimum recommended length of 32 bytes for SHA256. See RFC 7518 Section 3.2.
  return self._jws.encode(
[09/Jul/2026 23:46:47] "POST /api/auth/login/ HTTP/1.1" 200 489
C:\Users\~\Desktop\exam_project\config\settings.py changed, reloading.
Watching for file changes with StatReloader
C:\Users\~\Desktop\exam_project\config\settings.py changed, reloading.
Watching for file changes with StatReloader
C:\Users\~\Desktop\exam_project\config\settings.py changed, reloading.
Watching for file changes with StatReloader
C:\Users\~\Desktop\exam_project\config\page_views.py changed, reloading.
Watching for file changes with StatReloader
C:\Users\~\Desktop\exam_project\config\page_views.py changed, reloading.
Watching for file changes with StatReloader
C:\Users\~\Desktop\exam_project\config\settings.py changed, reloading.
Watching for file changes with StatReloader
C:\Users\~\Desktop\exam_project\menu\models.py changed, reloading.
Watching for file changes with StatReloader
C:\Users\~\Desktop\exam_project\menu\admin.py changed, reloading.
Watching for file changes with StatReloader
C:\Users\~\Desktop\exam_project\config\page_views.py changed, reloading.
Watching for file changes with StatReloader
C:\Users\~\Desktop\exam_project\config\page_views.py changed, reloading.
Watching for file changes with StatReloader
C:\Users\~\Desktop\exam_project\menu\models.py changed, reloading.
Watching for file changes with StatReloader
C:\Users\~\Desktop\exam_project\news\models.py changed, reloading.
Watching for file changes with StatReloader
C:\Users\~\Desktop\exam_project\about\models.py changed, reloading.
Watching for file changes with StatReloader
C:\Users\~\Desktop\exam_project\config\settings.py changed, reloading.
Watching for file changes with StatReloader
C:\Users\~\Desktop\exam_project\config\settings.py changed, reloading.
Watching for file changes with StatReloader
System check identified some issues:

WARNINGS:
<django.template.backends.django.DjangoTemplates object at 0x000001A71B7342F0>: (templates.W003) 'l10n' is used for multiple template tag modules: 'config.templatetags.l10n', 'django.templatetags.l10n'

System check identified 1 issue (0 silenced).
C:\Users\~\Desktop\exam_project\config\page_views.py changed, reloading.
Watching for file changes with StatReloader
C:\Users\~\Desktop\exam_project\config\page_views.py changed, reloading.
Watching for file changes with StatReloader
C:\Users\~\Desktop\exam_project\config\page_views.py changed, reloading.
Watching for file changes with StatReloader
C:\Users\~\Desktop\exam_project\menu\models.py changed, reloading.
Watching for file changes with StatReloader
C:\Users\~\Desktop\exam_project\staff\views.py changed, reloading.
Watching for file changes with StatReloader
